info t=2018-05-08T02:17:13.207Z Cinnamon.AppSystem.get_default() started in 76 ms
info t=2018-05-08T02:17:13.226Z loading user theme: /usr/share/themes/Zukitre-Cinnamon/cinnamon/cinnamon.css
info t=2018-05-08T02:17:13.251Z added icon directory: /usr/share/themes/Zukitre-Cinnamon/cinnamon
info t=2018-05-08T02:17:13.490Z PlacesManager: Updating devices
info t=2018-05-08T02:17:13.542Z loaded at Mon May 07 2018 22:17:13 GMT-0400 (EDT)
info t=2018-05-08T02:17:13.553Z Loaded applet systray@cinnamon.org in 8 ms
info t=2018-05-08T02:17:13.567Z Loaded applet window-list@cinnamon.org in 13 ms
info t=2018-05-08T02:17:13.586Z Loaded applet workspace-switcher@cinnamon.org in 17 ms
info t=2018-05-08T02:17:13.595Z Role locked: notifications
info t=2018-05-08T02:17:13.599Z Loaded applet notifications@cinnamon.org in 12 ms
info t=2018-05-08T02:17:13.608Z Loaded applet removable-drives@cinnamon.org in 8 ms
info t=2018-05-08T02:17:13.676Z Loaded applet network@cinnamon.org in 67 ms
info t=2018-05-08T02:17:13.719Z Loaded applet sound@cinnamon.org in 42 ms
info t=2018-05-08T02:17:13.730Z Loaded applet inhibit@cinnamon.org in 11 ms
info t=2018-05-08T02:17:13.747Z Loaded applet power@cinnamon.org in 16 ms
info t=2018-05-08T02:17:13.754Z Loaded applet lock@petrucci4prez in 7 ms
info t=2018-05-08T02:17:13.785Z Loaded applet calendar@cinnamon.org in 30 ms
info t=2018-05-08T02:17:13.799Z Loaded applet keyboard@cinnamon.org in 13 ms
info t=2018-05-08T02:17:14.038Z Loaded applet menu@cinnamon.org in 238 ms
info t=2018-05-08T02:17:14.038Z AppletManager.init() started in 495 ms
info t=2018-05-08T02:17:14.040Z Cinnamon took 916 ms to start
info t=2018-05-08T02:17:15.185Z Adding systray: clipit (24x24px)
info t=2018-05-08T02:17:15.186Z Hiding systray: network
info t=2018-05-08T02:17:15.898Z Adding systray: seafile client (24x24px)
